==32773== Memcheck, a memory error detector
==32773== Copyright (C) 2002-2022, and GNU GPL'd, by Julian Seward et al.
==32773== Using Valgrind-3.19.0 and LibVEX; rerun with -h for copyright info
==32773== Command: ./hsh
==32773== Parent PID: 3427
==32773== 
==32809== Invalid read of size 1
==32809==    at 0x1093A6: execmc (execmc.c:27)
==32809==    by 0x10974B: main (main.c:35)
==32809==  Address 0xffffffffffffffff is not stack'd, malloc'd or (recently) free'd
==32809== 
==32809== 
==32809== Process terminating with default action of signal 11 (SIGSEGV)
==32809==  Access not within mapped region at address 0xFFFFFFFFFFFFFFFF
==32809==    at 0x1093A6: execmc (execmc.c:27)
==32809==    by 0x10974B: main (main.c:35)
==32809==  If you believe this happened as a result of a stack
==32809==  overflow in your program's main thread (unlikely but
==32809==  possible), you can try to increase the size of the
==32809==  main thread stack using the --main-stacksize= flag.
==32809==  The main thread stack size used in this run was 8388608.
==32809== 
==32809== HEAP SUMMARY:
==32809==     in use at exit: 1,152 bytes in 3 blocks
==32809==   total heap usage: 4 allocs, 1 frees, 1,153 bytes allocated
==32809== 
==32809== 8 bytes in 1 blocks are definitely lost in loss record 1 of 3
==32809==    at 0x4843828: malloc (in /usr/libexec/valgrind/vgpreload_memcheck-amd64-linux.so)
==32809==    by 0x109B0B: string_tok (string_toknize.c:26)
==32809==    by 0x109740: main (main.c:34)
==32809== 
==32809== LEAK SUMMARY:
==32809==    definitely lost: 8 bytes in 1 blocks
==32809==    indirectly lost: 0 bytes in 0 blocks
==32809==      possibly lost: 0 bytes in 0 blocks
==32809==    still reachable: 1,144 bytes in 2 blocks
==32809==         suppressed: 0 bytes in 0 blocks
==32809== Reachable blocks (those to which a pointer was found) are not shown.
==32809== To see them, rerun with: --leak-check=full --show-leak-kinds=all
==32809== 
==32809== For lists of detected and suppressed errors, rerun with: -s
==32809== ERROR SUMMARY: 2 errors from 2 contexts (suppressed: 0 from 0)
==32849== Invalid read of size 1
==32849==    at 0x1093A6: execmc (execmc.c:27)
==32849==    by 0x10974B: main (main.c:35)
==32849==  Address 0xffffffffffffffff is not stack'd, malloc'd or (recently) free'd
==32849== 
==32849== 
==32849== Process terminating with default action of signal 11 (SIGSEGV)
==32849==  Access not within mapped region at address 0xFFFFFFFFFFFFFFFF
==32849==    at 0x1093A6: execmc (execmc.c:27)
==32849==    by 0x10974B: main (main.c:35)
==32849==  If you believe this happened as a result of a stack
==32849==  overflow in your program's main thread (unlikely but
==32849==  possible), you can try to increase the size of the
==32849==  main thread stack using the --main-stacksize= flag.
==32849==  The main thread stack size used in this run was 8388608.
==32849== 
==32849== HEAP SUMMARY:
==32849==     in use at exit: 1,152 bytes in 3 blocks
==32849==   total heap usage: 6 allocs, 3 frees, 1,162 bytes allocated
==32849== 
==32849== 8 bytes in 1 blocks are definitely lost in loss record 1 of 3
==32849==    at 0x4843828: malloc (in /usr/libexec/valgrind/vgpreload_memcheck-amd64-linux.so)
==32849==    by 0x109B0B: string_tok (string_toknize.c:26)
==32849==    by 0x109740: main (main.c:34)
==32849== 
==32849== LEAK SUMMARY:
==32849==    definitely lost: 8 bytes in 1 blocks
==32849==    indirectly lost: 0 bytes in 0 blocks
==32849==      possibly lost: 0 bytes in 0 blocks
==32849==    still reachable: 1,144 bytes in 2 blocks
==32849==         suppressed: 0 bytes in 0 blocks
==32849== Reachable blocks (those to which a pointer was found) are not shown.
==32849== To see them, rerun with: --leak-check=full --show-leak-kinds=all
==32849== 
==32849== For lists of detected and suppressed errors, rerun with: -s
==32849== ERROR SUMMARY: 2 errors from 2 contexts (suppressed: 0 from 0)
==32909== 
==32909== HEAP SUMMARY:
==32909==     in use at exit: 139 bytes in 3 blocks
==32909==   total heap usage: 11 allocs, 8 frees, 2,680 bytes allocated
==32909== 
==32909== LEAK SUMMARY:
==32909==    definitely lost: 0 bytes in 0 blocks
==32909==    indirectly lost: 0 bytes in 0 blocks
==32909==      possibly lost: 0 bytes in 0 blocks
==32909==    still reachable: 139 bytes in 3 blocks
==32909==         suppressed: 0 bytes in 0 blocks
==32909== Reachable blocks (those to which a pointer was found) are not shown.
==32909== To see them, rerun with: --leak-check=full --show-leak-kinds=all
==32909== 
==32909== For lists of detected and suppressed errors, rerun with: -s
==32909== ERROR SUMMARY: 0 errors from 0 contexts (suppressed: 0 from 0)
==33224== 
==33224== HEAP SUMMARY:
==33224==     in use at exit: 161 bytes in 4 blocks
==33224==   total heap usage: 14 allocs, 10 frees, 2,740 bytes allocated
==33224== 
==33224== 3 bytes in 1 blocks are definitely lost in loss record 1 of 4
==33224==    at 0x4843828: malloc (in /usr/libexec/valgrind/vgpreload_memcheck-amd64-linux.so)
==33224==    by 0x109B42: string_tok (string_toknize.c:37)
==33224==    by 0x109740: main (main.c:34)
==33224== 
==33224== LEAK SUMMARY:
==33224==    definitely lost: 3 bytes in 1 blocks
==33224==    indirectly lost: 0 bytes in 0 blocks
==33224==      possibly lost: 0 bytes in 0 blocks
==33224==    still reachable: 158 bytes in 3 blocks
==33224==         suppressed: 0 bytes in 0 blocks
==33224== Reachable blocks (those to which a pointer was found) are not shown.
==33224== To see them, rerun with: --leak-check=full --show-leak-kinds=all
==33224== 
==33224== For lists of detected and suppressed errors, rerun with: -s
==33224== ERROR SUMMARY: 1 errors from 1 contexts (suppressed: 0 from 0)
==33225== Invalid read of size 1
==33225==    at 0x1093A6: execmc (execmc.c:27)
==33225==    by 0x10974B: main (main.c:35)
==33225==  Address 0xffffffffffffffff is not stack'd, malloc'd or (recently) free'd
==33225== 
==33225== 
==33225== Process terminating with default action of signal 11 (SIGSEGV)
==33225==  Access not within mapped region at address 0xFFFFFFFFFFFFFFFF
==33225==    at 0x1093A6: execmc (execmc.c:27)
==33225==    by 0x10974B: main (main.c:35)
==33225==  If you believe this happened as a result of a stack
==33225==  overflow in your program's main thread (unlikely but
==33225==  possible), you can try to increase the size of the
==33225==  main thread stack using the --main-stacksize= flag.
==33225==  The main thread stack size used in this run was 8388608.
==33225== 
==33225== HEAP SUMMARY:
==33225==     in use at exit: 1,177 bytes in 5 blocks
==33225==   total heap usage: 14 allocs, 9 frees, 1,253 bytes allocated
==33225== 
==33225== 8 bytes in 1 blocks are definitely lost in loss record 1 of 4
==33225==    at 0x4843828: malloc (in /usr/libexec/valgrind/vgpreload_memcheck-amd64-linux.so)
==33225==    by 0x109B0B: string_tok (string_toknize.c:26)
==33225==    by 0x109740: main (main.c:34)
==33225== 
==33225== 25 bytes in 2 blocks are definitely lost in loss record 2 of 4
==33225==    at 0x4843828: malloc (in /usr/libexec/valgrind/vgpreload_memcheck-amd64-linux.so)
==33225==    by 0x109B42: string_tok (string_toknize.c:37)
==33225==    by 0x109740: main (main.c:34)
==33225== 
==33225== LEAK SUMMARY:
==33225==    definitely lost: 33 bytes in 3 blocks
==33225==    indirectly lost: 0 bytes in 0 blocks
==33225==      possibly lost: 0 bytes in 0 blocks
==33225==    still reachable: 1,144 bytes in 2 blocks
==33225==         suppressed: 0 bytes in 0 blocks
==33225== Reachable blocks (those to which a pointer was found) are not shown.
==33225== To see them, rerun with: --leak-check=full --show-leak-kinds=all
==33225== 
==33225== For lists of detected and suppressed errors, rerun with: -s
==33225== ERROR SUMMARY: 3 errors from 3 contexts (suppressed: 0 from 0)
==33288== 
==33288== HEAP SUMMARY:
==33288==     in use at exit: 165 bytes in 5 blocks
==33288==   total heap usage: 19 allocs, 14 frees, 2,773 bytes allocated
==33288== 
==33288== 25 bytes in 2 blocks are definitely lost in loss record 3 of 4
==33288==    at 0x4843828: malloc (in /usr/libexec/valgrind/vgpreload_memcheck-amd64-linux.so)
==33288==    by 0x109B42: string_tok (string_toknize.c:37)
==33288==    by 0x109740: main (main.c:34)
==33288== 
==33288== LEAK SUMMARY:
==33288==    definitely lost: 25 bytes in 2 blocks
==33288==    indirectly lost: 0 bytes in 0 blocks
==33288==      possibly lost: 0 bytes in 0 blocks
==33288==    still reachable: 140 bytes in 3 blocks
==33288==         suppressed: 0 bytes in 0 blocks
==33288== Reachable blocks (those to which a pointer was found) are not shown.
==33288== To see them, rerun with: --leak-check=full --show-leak-kinds=all
==33288== 
==33288== For lists of detected and suppressed errors, rerun with: -s
==33288== ERROR SUMMARY: 1 errors from 1 contexts (suppressed: 0 from 0)
==32773== 
==32773== HEAP SUMMARY:
==32773==     in use at exit: 29 bytes in 3 blocks
==32773==   total heap usage: 17 allocs, 14 frees, 1,277 bytes allocated
==32773== 
==32773== 29 bytes in 3 blocks are definitely lost in loss record 1 of 1
==32773==    at 0x4843828: malloc (in /usr/libexec/valgrind/vgpreload_memcheck-amd64-linux.so)
==32773==    by 0x109B42: string_tok (string_toknize.c:37)
==32773==    by 0x109740: main (main.c:34)
==32773== 
==32773== LEAK SUMMARY:
==32773==    definitely lost: 29 bytes in 3 blocks
==32773==    indirectly lost: 0 bytes in 0 blocks
==32773==      possibly lost: 0 bytes in 0 blocks
==32773==    still reachable: 0 bytes in 0 blocks
==32773==         suppressed: 0 bytes in 0 blocks
==32773== 
==32773== For lists of detected and suppressed errors, rerun with: -s
==32773== ERROR SUMMARY: 1 errors from 1 contexts (suppressed: 0 from 0)
